<?xml version="1.0" encoding="UTF-8"?>
<!-- Generated by org.testng.reporters.JUnitReportReporter -->
<testsuite hostname="DESKTOP-2NUAO77" name="Com.Bitbatua.testcases.TC_CreateBusiAcountTest_006" tests="1" failures="0" timestamp="1 Sep 2021 08:48:31 GMT" time="23.204" errors="0">
  <testcase name="CreateBusinessAccounttTest" time="23.204" classname="Com.Bitbatua.testcases.TC_CreateBusiAcountTest_006"/>
</testsuite> <!-- Com.Bitbatua.testcases.TC_CreateBusiAcountTest_006 -->
