<?xml version="1.0" encoding="UTF-8"?>
<!-- Generated by org.testng.reporters.JUnitReportReporter -->
<testsuite hostname="DESKTOP-2NUAO77" name="Com.Bitbatua.testcases.TC_ForgotPassTest_004" tests="1" failures="0" timestamp="30 Aug 2021 10:10:45 GMT" time="2.682" errors="0">
  <testcase name="ForgotPassTest" time="2.682" classname="Com.Bitbatua.testcases.TC_ForgotPassTest_004"/>
</testsuite> <!-- Com.Bitbatua.testcases.TC_ForgotPassTest_004 -->
