<?xml version="1.0" encoding="UTF-8"?>
<!-- Generated by org.testng.reporters.JUnitReportReporter -->
<testsuite hostname="DESKTOP-2NUAO77" name="Com.Bitbatua.testcases.TC_LoginTest_001" tests="1" failures="0" timestamp="15 Sep 2021 09:52:20 GMT" time="5.918" errors="0">
  <testcase name="loginTest" time="5.918" classname="Com.Bitbatua.testcases.TC_LoginTest_001"/>
</testsuite> <!-- Com.Bitbatua.testcases.TC_LoginTest_001 -->
