<?xml version="1.0" encoding="UTF-8"?>
<!-- Generated by org.testng.reporters.JUnitReportReporter -->
<testsuite hostname="DESKTOP-2NUAO77" name="Com.Bitbatua.testcases.TC_CreateAccntTest_003" tests="1" failures="0" timestamp="15 Sep 2021 09:52:20 GMT" time="7.986" errors="0">
  <testcase name="CreateAccountTest" time="7.986" classname="Com.Bitbatua.testcases.TC_CreateAccntTest_003"/>
</testsuite> <!-- Com.Bitbatua.testcases.TC_CreateAccntTest_003 -->
