<?xml version="1.0" encoding="UTF-8"?>
<!-- Generated by org.testng.reporters.JUnitReportReporter -->
<testsuite hostname="DESKTOP-2NUAO77" name="Com.Bitbatua.testcases.TC_CreateBusiAcountTest_006" tests="1" failures="0" timestamp="15 Sep 2021 10:57:37 GMT" time="23.203" errors="0">
  <testcase name="CreateBusinessAccountTestStore" time="23.203" classname="Com.Bitbatua.testcases.TC_CreateBusiAcountTest_006"/>
</testsuite> <!-- Com.Bitbatua.testcases.TC_CreateBusiAcountTest_006 -->
