<?xml version="1.0" encoding="UTF-8"?>
<!-- Generated by org.testng.reporters.JUnitReportReporter -->
<testsuite hostname="DESKTOP-2NUAO77" name="Com.Bitbatua.testcases.TC_ChangePassdTest_021" tests="1" failures="0" timestamp="15 Sep 2021 10:56:18 GMT" time="16.848" errors="0">
  <testcase name="UserSetting" time="16.848" classname="Com.Bitbatua.testcases.TC_ChangePassdTest_021"/>
</testsuite> <!-- Com.Bitbatua.testcases.TC_ChangePassdTest_021 -->
