<?xml version="1.0" encoding="UTF-8"?>
<!-- Generated by org.testng.reporters.JUnitReportReporter -->
<testsuite hostname="DESKTOP-2NUAO77" name="Com.Bitbatua.testcases.TC_CreateWalletETH_008" tests="1" failures="0" timestamp="1 Sep 2021 10:26:48 GMT" time="13.002" errors="0">
  <testcase name="CreateWalletETH" time="13.002" classname="Com.Bitbatua.testcases.TC_CreateWalletETH_008"/>
</testsuite> <!-- Com.Bitbatua.testcases.TC_CreateWalletETH_008 -->
