<?xml version="1.0" encoding="UTF-8"?>
<!-- Generated by org.testng.reporters.JUnitReportReporter -->
<testsuite hostname="DESKTOP-2NUAO77" name="Com.Bitbatua.testcases.TC_CreateWalletINR_009" tests="1" failures="0" timestamp="1 Sep 2021 10:26:48 GMT" time="12.549" errors="0">
  <testcase name="CreateWalletINR" time="12.549" classname="Com.Bitbatua.testcases.TC_CreateWalletINR_009"/>
</testsuite> <!-- Com.Bitbatua.testcases.TC_CreateWalletINR_009 -->
