<?xml version="1.0" encoding="UTF-8"?>
<!-- Generated by org.testng.reporters.JUnitReportReporter -->
<testsuite hostname="DESKTOP-2NUAO77" name="Com.Bitbatua.testcases.TC_CreateWalletETH_008" tests="1" failures="0" timestamp="15 Sep 2021 09:52:20 GMT" time="15.942" errors="0">
  <testcase name="CreateWalletETH" time="15.942" classname="Com.Bitbatua.testcases.TC_CreateWalletETH_008"/>
</testsuite> <!-- Com.Bitbatua.testcases.TC_CreateWalletETH_008 -->
