<?xml version="1.0" encoding="UTF-8"?>
<!-- Generated by org.testng.reporters.JUnitReportReporter -->
<testsuite hostname="DESKTOP-2NUAO77" name="Com.Bitbatua.testcases.TC_CreateWalletUSDT_011" tests="1" failures="0" timestamp="15 Sep 2021 09:52:20 GMT" time="16.002" errors="0">
  <testcase name="CreateWalletUSDT" time="16.002" classname="Com.Bitbatua.testcases.TC_CreateWalletUSDT_011"/>
</testsuite> <!-- Com.Bitbatua.testcases.TC_CreateWalletUSDT_011 -->
