<?xml version="1.0" encoding="UTF-8"?>
<!-- Generated by org.testng.reporters.JUnitReportReporter -->
<testsuite hostname="DESKTOP-2NUAO77" name="Com.Bitbatua.testcases.TC_CreateWalletINR_009" tests="1" failures="0" timestamp="15 Sep 2021 09:52:20 GMT" time="14.902" errors="0">
  <testcase name="CreateWalletINR" time="14.902" classname="Com.Bitbatua.testcases.TC_CreateWalletINR_009"/>
</testsuite> <!-- Com.Bitbatua.testcases.TC_CreateWalletINR_009 -->
