<?xml version="1.0" encoding="UTF-8"?>
<!-- Generated by org.testng.reporters.JUnitReportReporter -->
<testsuite skipped="0" hostname="DESKTOP-2NUAO77" name="Com.Bitbatua.testcases.TC_LoginTest_001" tests="1" failures="0" timestamp="2021-08-31T18:17:50 IST" time="2.951" errors="0">
  <testcase name="loginTest" time="2.951" classname="Com.Bitbatua.testcases.TC_LoginTest_001"/>
  <system-out/>
</testsuite> <!-- Com.Bitbatua.testcases.TC_LoginTest_001 -->
