<?xml version="1.0" encoding="UTF-8"?>
<!-- Generated by org.testng.reporters.JUnitReportReporter -->
<testsuite skipped="0" hostname="DESKTOP-2NUAO77" name="Com.Bitbatua.testcases.TC_LoginTest_001" tests="1" failures="0" timestamp="2021-08-31T13:33:55 IST" time="3.117" errors="0">
  <testcase name="loginTest" time="3.117" classname="Com.Bitbatua.testcases.TC_LoginTest_001"/>
  <system-out/>
</testsuite> <!-- Com.Bitbatua.testcases.TC_LoginTest_001 -->
