<?xml version="1.0" encoding="UTF-8"?>
<!-- Generated by org.testng.reporters.JUnitReportReporter -->
<testsuite skipped="0" hostname="DESKTOP-2NUAO77" name="Com.Bitbatua.testcases.TC_CreateAccntTest_003" tests="1" failures="0" timestamp="2021-08-31T13:33:55 IST" time="8.166" errors="0">
  <testcase name="CreateAccountTest" time="8.166" classname="Com.Bitbatua.testcases.TC_CreateAccntTest_003"/>
  <system-out/>
</testsuite> <!-- Com.Bitbatua.testcases.TC_CreateAccntTest_003 -->
